Build started 5/5/2018 10:40:04 PM.
     1>Project "c:\Users\amirulazmi\documents\visual studio 2010\Projects\RobotProject\RobotProject\RobotProject.vcxproj" on node 2 (build target(s)).
     1>PrepareForBuild:
         Creating directory "c:\users\amirulazmi\documents\visual studio 2010\Projects\RobotProject\Debug\".
       InitializeBuildStatus:
         Creating "Debug\RobotProject.unsuccessfulbuild" because "AlwaysCreate" was specified.
       ClCompile:
         C:\Program Files (x86)\Microsoft Visual Studio 10.0\VC\bin\CL.exe /c /ZI /nologo /W3 /WX- /Od /Oy- /D WIN32 /D _DEBUG /D _CONSOLE /D _UNICODE /D UNICODE /Gm /EHsc /RTC1 /MDd /GS /fp:precise /Zc:wchar_t /Zc:forScope /Fo"Debug\\" /Fd"Debug\vc100.pdb" /Gd /TP /analyze- /errorReport:prompt main.cpp
         main.cpp
       ManifestResourceCompile:
         C:\Program Files (x86)\Microsoft SDKs\Windows\v7.0A\bin\rc.exe /nologo /fo"Debug\RobotProject.exe.embed.manifest.res" Debug\RobotProject_manifest.rc 
       Link:
         C:\Program Files (x86)\Microsoft Visual Studio 10.0\VC\bin\link.exe /ERRORREPORT:PROMPT /OUT:"c:\users\amirulazmi\documents\visual studio 2010\Projects\RobotProject\Debug\RobotProject.exe" /INCREMENTAL /NOLOGO kernel32.lib user32.lib gdi32.lib winspool.lib comdlg32.lib advapi32.lib shell32.lib ole32.lib oleaut32.lib uuid.lib odbc32.lib odbccp32.lib /MANIFEST /ManifestFile:"Debug\RobotProject.exe.intermediate.manifest" /MANIFESTUAC:"level='asInvoker' uiAccess='false'" /DEBUG /PDB:"c:\users\amirulazmi\documents\visual studio 2010\Projects\RobotProject\Debug\RobotProject.pdb" /SUBSYSTEM:CONSOLE /TLBID:1 /DYNAMICBASE /NXCOMPAT /IMPLIB:"c:\users\amirulazmi\documents\visual studio 2010\Projects\RobotProject\Debug\RobotProject.lib" /MACHINE:X86 Debug\RobotProject.exe.embed.manifest.res
         Debug\main.obj
       Manifest:
         C:\Program Files (x86)\Microsoft SDKs\Windows\v7.0A\bin\mt.exe /nologo /verbose /out:"Debug\RobotProject.exe.embed.manifest" /manifest Debug\RobotProject.exe.intermediate.manifest
         C:\Program Files (x86)\Microsoft SDKs\Windows\v7.0A\bin\rc.exe /nologo /fo"Debug\RobotProject.exe.embed.manifest.res" Debug\RobotProject_manifest.rc 
       LinkEmbedManifest:
         C:\Program Files (x86)\Microsoft Visual Studio 10.0\VC\bin\link.exe /ERRORREPORT:PROMPT /OUT:"c:\users\amirulazmi\documents\visual studio 2010\Projects\RobotProject\Debug\RobotProject.exe" /INCREMENTAL /NOLOGO kernel32.lib user32.lib gdi32.lib winspool.lib comdlg32.lib advapi32.lib shell32.lib ole32.lib oleaut32.lib uuid.lib odbc32.lib odbccp32.lib /MANIFEST /ManifestFile:"Debug\RobotProject.exe.intermediate.manifest" /MANIFESTUAC:"level='asInvoker' uiAccess='false'" /DEBUG /PDB:"c:\users\amirulazmi\documents\visual studio 2010\Projects\RobotProject\Debug\RobotProject.pdb" /SUBSYSTEM:CONSOLE /TLBID:1 /DYNAMICBASE /NXCOMPAT /IMPLIB:"c:\users\amirulazmi\documents\visual studio 2010\Projects\RobotProject\Debug\RobotProject.lib" /MACHINE:X86 Debug\RobotProject.exe.embed.manifest.res
         Debug\main.obj
         RobotProject.vcxproj -> c:\users\amirulazmi\documents\visual studio 2010\Projects\RobotProject\Debug\RobotProject.exe
       FinalizeBuildStatus:
         Deleting file "Debug\RobotProject.unsuccessfulbuild".
         Touching "Debug\RobotProject.lastbuildstate".
     1>Done Building Project "c:\Users\amirulazmi\documents\visual studio 2010\Projects\RobotProject\RobotProject\RobotProject.vcxproj" (build target(s)).

Build succeeded.

Time Elapsed 00:00:02.51
